Crashlog created at 2013-08-15 15:18:57 -0400

===== MESSAGE:

NameError: undefined local variable or method `post' for #<Nanoc::Context:0x3567168>

===== COMPILATION STACK:

  - [item]   /portfolio/2013-08-15-skills-canada/ (rep default)

===== STACK TRACE:

  0. layout /portfolio/:19:in `get_binding'
  1. C:/Ruby193/lib/ruby/1.9.1/erb.rb:838:in `eval'
  2. C:/Ruby193/lib/ruby/1.9.1/erb.rb:838:in `result'
  3. C:/Ruby193/lib/ruby/gems/1.9.1/gems/nanoc-3.6.4/lib/nanoc/filters/erb.rb:34:in `run'
  4. C:/Ruby193/lib/ruby/gems/1.9.1/gems/nanoc-3.6.4/lib/nanoc/base/compilation/filter.rb:122:in `setup_and_run'
  5. C:/Ruby193/lib/ruby/gems/1.9.1/gems/nanoc-3.6.4/lib/nanoc/base/result_data/item_rep.rb:409:in `layout'
  6. C:/Ruby193/lib/ruby/gems/1.9.1/gems/nanoc-3.6.4/lib/nanoc/base/compilation/item_rep_proxy.rb:69:in `layout'
  7. C:/Ruby193/lib/ruby/gems/1.9.1/gems/nanoc-3.6.4/lib/nanoc/base/compilation/rule_context.rb:68:in `layout'
  8. ./Rules:27:in `block in load'
  9. C:/Ruby193/lib/ruby/gems/1.9.1/gems/nanoc-3.6.4/lib/nanoc/base/compilation/rule.rb:68:in `instance_eval'
  10. C:/Ruby193/lib/ruby/gems/1.9.1/gems/nanoc-3.6.4/lib/nanoc/base/compilation/rule.rb:68:in `apply_to'
  11. C:/Ruby193/lib/ruby/gems/1.9.1/gems/nanoc-3.6.4/lib/nanoc/base/compilation/compiler.rb:384:in `compile_rep'
  12. C:/Ruby193/lib/ruby/gems/1.9.1/gems/nanoc-3.6.4/lib/nanoc/base/compilation/compiler.rb:340:in `block in compile_reps'
  13. C:/Ruby193/lib/ruby/gems/1.9.1/gems/nanoc-3.6.4/lib/nanoc/base/compilation/compiler.rb:333:in `loop'
  14. C:/Ruby193/lib/ruby/gems/1.9.1/gems/nanoc-3.6.4/lib/nanoc/base/compilation/compiler.rb:333:in `compile_reps'
  15. C:/Ruby193/lib/ruby/gems/1.9.1/gems/nanoc-3.6.4/lib/nanoc/base/compilation/compiler.rb:89:in `run'
  16. C:/Ruby193/lib/ruby/gems/1.9.1/gems/nanoc-3.6.4/lib/nanoc/base/source_data/site.rb:58:in `compile'
  17. C:/Ruby193/lib/ruby/gems/1.9.1/gems/nanoc-3.6.4/lib/nanoc/cli/commands/compile.rb:363:in `block in run'
  18. C:/Ruby193/lib/ruby/gems/1.9.1/gems/nanoc-3.6.4/lib/nanoc/cli/commands/compile.rb:404:in `run_listeners_while'
  19. C:/Ruby193/lib/ruby/gems/1.9.1/gems/nanoc-3.6.4/lib/nanoc/cli/commands/compile.rb:362:in `run'
  20. C:/Ruby193/lib/ruby/gems/1.9.1/gems/nanoc-3.6.4/lib/nanoc/cli/command_runner.rb:14:in `block in call'
  21. C:/Ruby193/lib/ruby/gems/1.9.1/gems/nanoc-3.6.4/lib/nanoc/cli/error_handler.rb:70:in `handle_while'
  22. C:/Ruby193/lib/ruby/gems/1.9.1/gems/nanoc-3.6.4/lib/nanoc/cli/error_handler.rb:26:in `handle_while'
  23. C:/Ruby193/lib/ruby/gems/1.9.1/gems/nanoc-3.6.4/lib/nanoc/cli/command_runner.rb:13:in `call'
  24. C:/Ruby193/lib/ruby/gems/1.9.1/gems/cri-2.3.0/lib/cri/command_dsl.rb:185:in `block in runner'
  25. C:/Ruby193/lib/ruby/gems/1.9.1/gems/cri-2.3.0/lib/cri/command.rb:296:in `call'
  26. C:/Ruby193/lib/ruby/gems/1.9.1/gems/cri-2.3.0/lib/cri/command.rb:296:in `run_this'
  27. C:/Ruby193/lib/ruby/gems/1.9.1/gems/cri-2.3.0/lib/cri/command.rb:249:in `run'
  28. C:/Ruby193/lib/ruby/gems/1.9.1/gems/cri-2.3.0/lib/cri/command.rb:262:in `run'
  29. C:/Ruby193/lib/ruby/gems/1.9.1/gems/nanoc-3.6.4/lib/nanoc/cli.rb:52:in `block in run'
  30. C:/Ruby193/lib/ruby/gems/1.9.1/gems/nanoc-3.6.4/lib/nanoc/cli/error_handler.rb:70:in `handle_while'
  31. C:/Ruby193/lib/ruby/gems/1.9.1/gems/nanoc-3.6.4/lib/nanoc/cli/error_handler.rb:26:in `handle_while'
  32. C:/Ruby193/lib/ruby/gems/1.9.1/gems/nanoc-3.6.4/lib/nanoc/cli.rb:50:in `run'
  33. C:/Ruby193/lib/ruby/gems/1.9.1/gems/nanoc-3.6.4/bin/nanoc:19:in `<top (required)>'
  34. C:/Ruby193/bin/nanoc:23:in `load'
  ... 37 more lines omitted. See full crash log for details.

===== VERSION INFORMATION:

nanoc 3.6.4 © 2007-2013 Denis Defreyne.
Running ruby 1.9.3 (2012-12-25) on i386-mingw32 with RubyGems 1.8.24.

===== INSTALLED GEMS:

  adsf 1.1.1
  asdf 0.5.0
  bigdecimal 1.1.0
  bourbon 3.1.8
  chunky_png 1.2.5
  coderay 1.0.8
  colored 1.2
  compass 0.12.2
  compass-normalize 1.4.2
  cri 2.3.0
  ffi 1.9.0
  formatador 0.2.4
  fssm 0.2.9
  guard 1.8.2
  guard-nanoc 1.0.1
  harsh 1.0.0
  io-console 0.3
  itunes-library 0.1.1
  json 1.5.4
  kramdown 1.1.0
  listen 1.3.0
  lumberjack 1.0.4
  method_source 0.8.1
  minitest 2.5.1
  nanoc 3.6.4
  plist 3.1.0
  pry 0.9.10
  rack 1.2.8
  rake 0.9.2.2
  rb-fsevent 0.9.3
  rb-inotify 0.9.1
  rb-kqueue 0.2.0
  rdoc 3.9.4
  sass 3.1.20, 3.2.5
  slop 3.3.3, 3.4.6
  thor 0.18.1
  win32console 1.3.2

===== ENVIRONMENT:

ADSK_3DSMAX_x64_2013 => "D:\\Program Files\\Autodesk\\3ds Max 2013\\"
ALLUSERSPROFILE => "C:\\ProgramData"
APPDATA => "C:\\Users\\Marc\\AppData\\Roaming"
CLASSPATH => ".;C:\\Program Files (x86)\\Java\\jre6\\lib\\ext\\QTJava.zip"
CM2013DIR => "C:\\Program Files (x86)\\Common Files\\Autodesk Shared\\Materials\\"
COMPUTERNAME => "ZEUS"
ComSpec => "C:\\WINDOWS\\system32\\cmd.exe"
CommonProgramFiles => "C:\\Program Files (x86)\\Common Files"
CommonProgramFiles(x86) => "C:\\Program Files (x86)\\Common Files"
CommonProgramW6432 => "C:\\Program Files\\Common Files"
FP_NO_HOST_CHECK => "NO"
GOROOT => "C:\\Go\\"
HOME => "C:/Users/Marc"
HOMEDRIVE => "C:"
HOMEPATH => "\\Users\\Marc"
ILBDIR => "C:\\Program Files (x86)\\Common Files\\Autodesk Shared\\Materials\\"
ILMDIR => "C:\\Program Files (x86)\\Common Files\\Autodesk Shared\\Materials\\"
LOCALAPPDATA => "C:\\Users\\Marc\\AppData\\Local"
LOGONSERVER => "\\\\MicrosoftAccount"
MOZ_PLUGIN_PATH => "C:\\Program Files\\Tracker Software\\PDF Viewer\\Win32\\"
NUMBER_OF_PROCESSORS => "4"
OS => "Windows_NT"
PATHEXT => ".COM;.EXE;.BAT;.CMD;.VBS;.VBE;.JS;.JSE;.WSF;.WSH;.MSC;.RB;.RBW"
PROCESSOR_ARCHITECTURE => "x86"
PROCESSOR_ARCHITEW6432 => "AMD64"
PROCESSOR_IDENTIFIER => "AMD64 Family 16 Model 4 Stepping 3, AuthenticAMD"
PROCESSOR_LEVEL => "16"
PROCESSOR_REVISION => "0403"
PROMPT => "$P$G"
PSModulePath => "C:\\WINDOWS\\system32\\WindowsPowerShell\\v1.0\\Modules\\"
PUBLIC => "C:\\Users\\Public"
Path => "D:\\xampp-portable\\php;D:\\xampp-portable\\htdocs\\app\\Console;C:\\Program Files\\MiKTeX 2.9\\miktex\\bin;C:\\Program Files (x86)\\NVIDIA Corporation\\PhysX\\Common;C:\\Program Files (x86)\\Common Files\\Microsoft Shared\\Windows Live;C:\\WINDOWS\\system32;C:\\WINDOWS;C:\\WINDOWS\\System32\\Wbem;C:\\WINDOWS\\System32\\WindowsPowerShell\\v1.0\\;C:\\Program Files (x86)\\QuickTime\\QTSystem\\;C:\\Program Files (x86)\\Universal Extractor;C:\\Program Files (x86)\\Universal Extractor\\bin;C:\\Program Files (x86)\\Microsoft SQL Server\\100\\Tools\\Binn\\;C:\\Program Files\\Microsoft SQL Server\\100\\Tools\\Binn\\;C:\\Program Files\\Microsoft SQL Server\\100\\DTS\\Binn\\;C:\\Program Files (x86)\\Git\\cmd;C:\\Program Files\\TortoiseHg\\;C:\\Program Files\\Common Files\\Autodesk Shared\\;C:\\Program Files (x86)\\Autodesk\\Backburner\\;C:\\Python27;C:\\Program Files (x86)\\Microsoft ASP.NET\\ASP.NET Web Pages\\v1.0\\;C:\\Program Files\\Microsoft SQL Server\\110\\Tools\\Binn\\;C:\\Go\\bin;C:\\Program Files\\Microsoft\\Web Platform Installer\\;C:\\Program Files (x86)\\Windows Kits\\8.0\\Windows Performance Toolkit\\;C:\\Program Files (x86)\\MiKTeX 2.9\\miktex\\bin\\;;C:\\Program Files (x86)\\Loom\\bin;D:\\vagrant\\vagrant\\bin;C:\\Ruby193\\bin;C:\\Program Files\\Common Files\\Microsoft Shared\\Windows Live;C:\\Python27EDL;C:\\Python27EDL\\Scripts;D:\\xampp-portable\\php;D:\\xampp-portable\\htdocs\\app\\Console"
ProgramData => "C:\\ProgramData"
ProgramFiles => "C:\\Program Files (x86)"
ProgramFiles(x86) => "C:\\Program Files (x86)"
ProgramW6432 => "C:\\Program Files"
QTJAVA => "C:\\Program Files (x86)\\Java\\jre6\\lib\\ext\\QTJava.zip"
SESSIONNAME => "Console"
SSH_AGENT_PID => "8108"
SSH_AUTH_SOCK => "/tmp/ssh-pJVUCd1116/agent.1116"
SystemDrive => "C:"
SystemRoot => "C:\\WINDOWS"
TEMP => "C:\\Users\\Marc\\AppData\\Local\\Temp"
TMP => "C:\\Users\\Marc\\AppData\\Local\\Temp"
USER => "Marc"
USERDOMAIN => "ZEUS"
USERDOMAIN_ROAMINGPROFILE => "ZEUS"
USERNAME => "Marc"
USERPROFILE => "C:\\Users\\Marc"
VBOX_INSTALL_PATH => "D:\\Program Files\\Oracle\\VirtualBox\\"
VS110COMNTOOLS => "C:\\Program Files (x86)\\Microsoft Visual Studio 11.0\\Common7\\Tools\\"
XNAGSShared => "C:\\Program Files (x86)\\Common Files\\Microsoft Shared\\XNA\\"
XNAGSv4 => "C:\\Program Files (x86)\\Microsoft XNA\\XNA Game Studio\\v4.0\\"
asl.log => "Destination=file"
windir => "C:\\WINDOWS"

===== LOAD PATHS:

  0. C:/Ruby193/lib/ruby/gems/1.9.1/gems/nanoc-3.6.4/lib
  1. C:/Ruby193/lib/ruby/gems/1.9.1/gems/colored-1.2/lib
  2. C:/Ruby193/lib/ruby/gems/1.9.1/gems/cri-2.3.0/lib
  3. C:/Ruby193/lib/ruby/gems/1.9.1/gems/nanoc-3.6.4/lib
  4. C:/Ruby193/lib/ruby/gems/1.9.1/gems/win32console-1.3.2-x86-mingw32/lib
  5. C:/Ruby193/lib/ruby/gems/1.9.1/gems/kramdown-1.1.0/lib
  6. C:/Ruby193/lib/ruby/gems/1.9.1/gems/coderay-1.0.8/lib
  7. C:/Ruby193/lib/ruby/site_ruby/1.9.1
  8. C:/Ruby193/lib/ruby/site_ruby/1.9.1/i386-msvcrt
  9. C:/Ruby193/lib/ruby/site_ruby
  10. C:/Ruby193/lib/ruby/vendor_ruby/1.9.1
  11. C:/Ruby193/lib/ruby/vendor_ruby/1.9.1/i386-msvcrt
  12. C:/Ruby193/lib/ruby/vendor_ruby
  13. C:/Ruby193/lib/ruby/1.9.1
  14. C:/Ruby193/lib/ruby/1.9.1/i386-mingw32
